This file contains any messages produced by compilers while
running configure, to aid debugging if configure makes a mistake.

It was created by HTSlib configure 1.16, which was
generated by GNU Autoconf 2.69.  Invocation command line was

  $ ./configure --disable-option-checking --prefix=/home/preciselyv/nsu/bioInf/samtools-1.16.1/bin --cache-file=/dev/null --srcdir=.

## --------- ##
## Platform. ##
## --------- ##

hostname = preciselyv-ZenBook
uname -m = x86_64
uname -r = 5.4.0-131-generic
uname -s = Linux
uname -v = #147-Ubuntu SMP Fri Oct 14 17:07:22 UTC 2022

/usr/bin/uname -p = x86_64
/bin/uname -X     = unknown

/bin/arch              = x86_64
/usr/bin/arch -k       = unknown
/usr/convex/getsysinfo = unknown
/usr/bin/hostinfo      = unknown
/bin/machine           = unknown
/usr/bin/oslevel       = unknown
/bin/universe          = unknown

PATH: /home/preciselyv/.local/bin
PATH: /usr/local/sbin
PATH: /usr/local/bin
PATH: /usr/sbin
PATH: /usr/bin
PATH: /sbin
PATH: /bin
PATH: /usr/games
PATH: /usr/local/games
PATH: /snap/bin
PATH: ~/IDEA/idea-IU-212.5080.55/bin


## ----------- ##
## Core tests. ##
## ----------- ##

configure:2271: checking for gcc
configure:2287: found /usr/bin/gcc
configure:2298: result: gcc
configure:2527: checking for C compiler version
configure:2536: gcc --version >&5
gcc (Ubuntu 9.4.0-1ubuntu1~20.04.1) 9.4.0
Copyright (C) 2019 Free Software Foundation, Inc.
This is free software; see the source for copying conditions.  There is NO
warranty; not even for MERCHANTABILITY or FITNESS FOR A PARTICULAR PURPOSE.

configure:2547: $? = 0
configure:2536: gcc -v >&5
Using built-in specs.
COLLECT_GCC=gcc
COLLECT_LTO_WRAPPER=/usr/lib/gcc/x86_64-linux-gnu/9/lto-wrapper
OFFLOAD_TARGET_NAMES=nvptx-none:hsa
OFFLOAD_TARGET_DEFAULT=1
Target: x86_64-linux-gnu
Configured with: ../src/configure -v --with-pkgversion='Ubuntu 9.4.0-1ubuntu1~20.04.1' --with-bugurl=file:///usr/share/doc/gcc-9/README.Bugs --enable-languages=c,ada,c++,go,brig,d,fortran,objc,obj-c++,gm2 --prefix=/usr --with-gcc-major-version-only --program-suffix=-9 --program-prefix=x86_64-linux-gnu- --enable-shared --enable-linker-build-id --libexecdir=/usr/lib --without-included-gettext --enable-threads=posix --libdir=/usr/lib --enable-nls --enable-clocale=gnu --enable-libstdcxx-debug --enable-libstdcxx-time=yes --with-default-libstdcxx-abi=new --enable-gnu-unique-object --disable-vtable-verify --enable-plugin --enable-default-pie --with-system-zlib --with-target-system-zlib=auto --enable-objc-gc=auto --enable-multiarch --disable-werror --with-arch-32=i686 --with-abi=m64 --with-multilib-list=m32,m64,mx32 --enable-multilib --with-tune=generic --enable-offload-targets=nvptx-none=/build/gcc-9-Av3uEd/gcc-9-9.4.0/debian/tmp-nvptx/usr,hsa --without-cuda-driver --enable-checking=release --build=x86_64-linux-gnu --host=x86_64-linux-gnu --target=x86_64-linux-gnu
Thread model: posix
gcc version 9.4.0 (Ubuntu 9.4.0-1ubuntu1~20.04.1) 
configure:2547: $? = 0
configure:2536: gcc -V >&5
gcc: error: unrecognized command line option '-V'
gcc: fatal error: no input files
compilation terminated.
configure:2547: $? = 1
configure:2536: gcc -qversion >&5
gcc: error: unrecognized command line option '-qversion'; did you mean '--version'?
gcc: fatal error: no input files
compilation terminated.
configure:2547: $? = 1
configure:2567: checking whether the C compiler works
configure:2589: gcc    conftest.c  >&5
configure:2593: $? = 0
configure:2641: result: yes
configure:2644: checking for C compiler default output file name
configure:2646: result: a.out
configure:2652: checking for suffix of executables
configure:2659: gcc -o conftest    conftest.c  >&5
configure:2663: $? = 0
configure:2685: result: 
configure:2707: checking whether we are cross compiling
configure:2715: gcc -o conftest    conftest.c  >&5
configure:2719: $? = 0
configure:2726: ./conftest
configure:2730: $? = 0
configure:2718: result: no
configure:2723: checking for suffix of object files
configure:2745: gcc -c   conftest.c >&5
configure:2749: $? = 0
configure:2770: result: o
configure:2774: checking whether we are using the GNU C compiler
configure:2793: gcc -c   conftest.c >&5
configure:2793: $? = 0
configure:2802: result: yes
configure:2811: checking whether gcc accepts -g
configure:2831: gcc -c -g  conftest.c >&5
configure:2831: $? = 0
configure:2872: result: yes
configure:2889: checking for gcc option to accept ISO C89
configure:2952: gcc  -c -g -O2  conftest.c >&5
configure:2952: $? = 0
configure:2965: result: none needed
configure:3028: checking for ranlib
configure:3044: found /usr/bin/ranlib
configure:3055: result: ranlib
configure:3078: checking for grep that handles long lines and -e
configure:3136: result: /usr/bin/grep
configure:3161: checking for C compiler warning flags
configure:3274: result: -Wall
configure:3362: checking whether C compiler accepts -mssse3 -mpopcnt -msse4.1
configure:3389: gcc -o conftest  -Wall -g -O2  -mssse3 -mpopcnt -msse4.1   conftest.c  >&5
configure:3389: $? = 0
configure:3398: result: yes
configure:3422: checking whether C compiler accepts -mavx2
configure:3448: gcc -o conftest  -Wall -g -O2  -mavx2   conftest.c  >&5
configure:3448: $? = 0
configure:3457: result: yes
configure:3472: checking whether C compiler accepts -mavx512f
configure:3497: gcc -o conftest  -Wall -g -O2  -mavx512f   conftest.c  >&5
configure:3497: $? = 0
configure:3506: result: yes
configure:3521: checking whether C compiler supports ARM Neon
configure:3545: gcc -c  -Wall -g -O2  conftest.c >&5
conftest.c:17:16: fatal error: arm_neon.h: No such file or directory
   17 |       #include "arm_neon.h"
      |                ^~~~~~~~~~~~
compilation terminated.
configure:3545: $? = 1
configure: failed program was:
| /* confdefs.h */
| #define PACKAGE_NAME "HTSlib"
| #define PACKAGE_TARNAME "htslib"
| #define PACKAGE_VERSION "1.16"
| #define PACKAGE_STRING "HTSlib 1.16"
| #define PACKAGE_BUGREPORT "samtools-help@lists.sourceforge.net"
| #define PACKAGE_URL "http://www.htslib.org/"
| #define HAVE_SSSE3 1
| #define HAVE_POPCNT 1
| #define HAVE_SSE4_1 1
| #define UBSAN 1
| #define HAVE_AVX2 1
| #define HAVE_AVX512 1
| /* end confdefs.h.  */
| 
| 
|       #include "arm_neon.h"
| 
| int
| main ()
| {
| 
|       int32x4_t a = vdupq_n_s32(1);
|       int32x4_t b = vaddq_s32(a, a);
|       return *((char *) &b);
| 
|   ;
|   return 0;
| }
configure:3552: result: no
configure:3614: checking for pkg-config
configure:3632: found /usr/bin/pkg-config
configure:3644: result: /usr/bin/pkg-config
configure:3669: checking pkg-config is at least version 0.9.0
configure:3672: result: yes
configure:3710: checking for special C compiler options needed for large files
configure:3755: result: no
configure:3761: checking for _FILE_OFFSET_BITS value needed for large files
configure:3786: gcc -c  -Wall -g -O2  conftest.c >&5
configure:3786: $? = 0
configure:3818: result: no
configure:3994: checking shared library type for unknown-Linux
configure:4022: result: plain .so
configure:4032: checking whether the compiler accepts -fvisibility=hidden
configure:4052: gcc -o conftest  -Wall -g -O2 -fvisibility=hidden   -fvisibility=hidden conftest.c  >&5
configure:4052: $? = 0
configure:4065: result: yes
configure:4119: checking how to run the C preprocessor
configure:4150: gcc -E  conftest.c
configure:4150: $? = 0
configure:4164: gcc -E  conftest.c
conftest.c:15:10: fatal error: ac_nonexistent.h: No such file or directory
   15 | #include <ac_nonexistent.h>
      |          ^~~~~~~~~~~~~~~~~~
compilation terminated.
configure:4164: $? = 1
configure: failed program was:
| /* confdefs.h */
| #define PACKAGE_NAME "HTSlib"
| #define PACKAGE_TARNAME "htslib"
| #define PACKAGE_VERSION "1.16"
| #define PACKAGE_STRING "HTSlib 1.16"
| #define PACKAGE_BUGREPORT "samtools-help@lists.sourceforge.net"
| #define PACKAGE_URL "http://www.htslib.org/"
| #define HAVE_SSSE3 1
| #define HAVE_POPCNT 1
| #define HAVE_SSE4_1 1
| #define UBSAN 1
| #define HAVE_AVX2 1
| #define HAVE_AVX512 1
| /* end confdefs.h.  */
| #include <ac_nonexistent.h>
configure:4189: result: gcc -E
configure:4209: gcc -E  conftest.c
configure:4209: $? = 0
configure:4223: gcc -E  conftest.c
conftest.c:15:10: fatal error: ac_nonexistent.h: No such file or directory
   15 | #include <ac_nonexistent.h>
      |          ^~~~~~~~~~~~~~~~~~
compilation terminated.
configure:4223: $? = 1
configure: failed program was:
| /* confdefs.h */
| #define PACKAGE_NAME "HTSlib"
| #define PACKAGE_TARNAME "htslib"
| #define PACKAGE_VERSION "1.16"
| #define PACKAGE_STRING "HTSlib 1.16"
| #define PACKAGE_BUGREPORT "samtools-help@lists.sourceforge.net"
| #define PACKAGE_URL "http://www.htslib.org/"
| #define HAVE_SSSE3 1
| #define HAVE_POPCNT 1
| #define HAVE_SSE4_1 1
| #define UBSAN 1
| #define HAVE_AVX2 1
| #define HAVE_AVX512 1
| /* end confdefs.h.  */
| #include <ac_nonexistent.h>
configure:4252: checking for egrep
configure:4314: result: /usr/bin/grep -E
configure:4319: checking for ANSI C header files
configure:4339: gcc -c  -Wall -g -O2 -fvisibility=hidden  conftest.c >&5
configure:4339: $? = 0
configure:4412: gcc -o conftest  -Wall -g -O2 -fvisibility=hidden   -fvisibility=hidden conftest.c  >&5
configure:4412: $? = 0
configure:4412: ./conftest
configure:4412: $? = 0
configure:4423: result: yes
configure:4436: checking for sys/types.h
configure:4436: gcc -c  -Wall -g -O2 -fvisibility=hidden  conftest.c >&5
configure:4436: $? = 0
configure:4436: result: yes
configure:4436: checking for sys/stat.h
configure:4436: gcc -c  -Wall -g -O2 -fvisibility=hidden  conftest.c >&5
configure:4436: $? = 0
configure:4436: result: yes
configure:4436: checking for stdlib.h
configure:4436: gcc -c  -Wall -g -O2 -fvisibility=hidden  conftest.c >&5
configure:4436: $? = 0
configure:4436: result: yes
configure:4436: checking for string.h
configure:4436: gcc -c  -Wall -g -O2 -fvisibility=hidden  conftest.c >&5
configure:4436: $? = 0
configure:4436: result: yes
configure:4436: checking for memory.h
configure:4436: gcc -c  -Wall -g -O2 -fvisibility=hidden  conftest.c >&5
configure:4436: $? = 0
configure:4436: result: yes
configure:4436: checking for strings.h
configure:4436: gcc -c  -Wall -g -O2 -fvisibility=hidden  conftest.c >&5
configure:4436: $? = 0
configure:4436: result: yes
configure:4436: checking for inttypes.h
configure:4436: gcc -c  -Wall -g -O2 -fvisibility=hidden  conftest.c >&5
configure:4436: $? = 0
configure:4436: result: yes
configure:4436: checking for stdint.h
configure:4436: gcc -c  -Wall -g -O2 -fvisibility=hidden  conftest.c >&5
configure:4436: $? = 0
configure:4436: result: yes
configure:4436: checking for unistd.h
configure:4436: gcc -c  -Wall -g -O2 -fvisibility=hidden  conftest.c >&5
configure:4436: $? = 0
configure:4436: result: yes
configure:4454: checking for stdlib.h
configure:4454: result: yes
configure:4454: checking for unistd.h
configure:4454: result: yes
configure:4454: checking for sys/param.h
configure:4454: gcc -c  -Wall -g -O2 -fvisibility=hidden  conftest.c >&5
configure:4454: $? = 0
configure:4454: result: yes
configure:4474: checking for getpagesize
configure:4474: gcc -o conftest  -Wall -g -O2 -fvisibility=hidden   -fvisibility=hidden conftest.c  >&5
configure:4474: $? = 0
configure:4474: result: yes
configure:4483: checking for working mmap
configure:4632: gcc -o conftest  -Wall -g -O2 -fvisibility=hidden   -fvisibility=hidden conftest.c  >&5
configure:4632: $? = 0
configure:4632: ./conftest
configure:4632: $? = 0
configure:4642: result: yes
configure:4654: checking for gmtime_r
configure:4654: gcc -o conftest  -Wall -g -O2 -fvisibility=hidden   -fvisibility=hidden conftest.c  >&5
configure:4654: $? = 0
configure:4654: result: yes
configure:4654: checking for fsync
configure:4654: gcc -o conftest  -Wall -g -O2 -fvisibility=hidden   -fvisibility=hidden conftest.c  >&5
configure:4654: $? = 0
configure:4654: result: yes
configure:4654: checking for drand48
configure:4654: gcc -o conftest  -Wall -g -O2 -fvisibility=hidden   -fvisibility=hidden conftest.c  >&5
configure:4654: $? = 0
configure:4654: result: yes
configure:4654: checking for srand48_deterministic
configure:4654: gcc -o conftest  -Wall -g -O2 -fvisibility=hidden   -fvisibility=hidden conftest.c  >&5
/usr/bin/ld: /tmp/cc1iIi2x.o: in function `main':
/home/preciselyv/nsu/bioInf/samtools-1.16.1/htslib-1.16/conftest.c:67: undefined reference to `srand48_deterministic'
collect2: error: ld returned 1 exit status
configure:4654: $? = 1
configure: failed program was:
| /* confdefs.h */
| #define PACKAGE_NAME "HTSlib"
| #define PACKAGE_TARNAME "htslib"
| #define PACKAGE_VERSION "1.16"
| #define PACKAGE_STRING "HTSlib 1.16"
| #define PACKAGE_BUGREPORT "samtools-help@lists.sourceforge.net"
| #define PACKAGE_URL "http://www.htslib.org/"
| #define HAVE_SSSE3 1
| #define HAVE_POPCNT 1
| #define HAVE_SSE4_1 1
| #define UBSAN 1
| #define HAVE_AVX2 1
| #define HAVE_AVX512 1
| #define STDC_HEADERS 1
| #define HAVE_SYS_TYPES_H 1
| #define HAVE_SYS_STAT_H 1
| #define HAVE_STDLIB_H 1
| #define HAVE_STRING_H 1
| #define HAVE_MEMORY_H 1
| #define HAVE_STRINGS_H 1
| #define HAVE_INTTYPES_H 1
| #define HAVE_STDINT_H 1
| #define HAVE_UNISTD_H 1
| #define HAVE_STDLIB_H 1
| #define HAVE_UNISTD_H 1
| #define HAVE_SYS_PARAM_H 1
| #define HAVE_GETPAGESIZE 1
| #define HAVE_MMAP 1
| #define HAVE_GMTIME_R 1
| #define HAVE_FSYNC 1
| #define HAVE_DRAND48 1
| /* end confdefs.h.  */
| /* Define srand48_deterministic to an innocuous variant, in case <limits.h> declares srand48_deterministic.
|    For example, HP-UX 11i <limits.h> declares gettimeofday.  */
| #define srand48_deterministic innocuous_srand48_deterministic
| 
| /* System header to define __stub macros and hopefully few prototypes,
|     which can conflict with char srand48_deterministic (); below.
|     Prefer <limits.h> to <assert.h> if __STDC__ is defined, since
|     <limits.h> exists even on freestanding compilers.  */
| 
| #ifdef __STDC__
| # include <limits.h>
| #else
| # include <assert.h>
| #endif
| 
| #undef srand48_deterministic
| 
| /* Override any GCC internal prototype to avoid an error.
|    Use char because int might match the return type of a GCC
|    builtin and then its argument prototype would still apply.  */
| #ifdef __cplusplus
| extern "C"
| #endif
| char srand48_deterministic ();
| /* The GNU C library defines this for functions which it implements
|     to always fail with ENOSYS.  Some functions are actually named
|     something starting with __ and the normal name is an alias.  */
| #if defined __stub_srand48_deterministic || defined __stub___srand48_deterministic
| choke me
| #endif
| 
| int
| main ()
| {
| return srand48_deterministic ();
|   ;
|   return 0;
| }
configure:4654: result: no
configure:4666: checking whether fdatasync is declared
configure:4666: gcc -c  -Wall -g -O2 -fvisibility=hidden  conftest.c >&5
configure:4666: $? = 0
configure:4666: result: yes
configure:4670: checking for fdatasync
configure:4670: gcc -o conftest  -Wall -g -O2 -fvisibility=hidden   -fvisibility=hidden conftest.c  >&5
configure:4670: $? = 0
configure:4670: result: yes
configure:4805: checking for library containing log
configure:4836: gcc -o conftest  -Wall -g -O2 -fvisibility=hidden   -fvisibility=hidden conftest.c  >&5
conftest.c:41:6: warning: conflicting types for built-in function 'log'; expected 'double(double)' [-Wbuiltin-declaration-mismatch]
   41 | char log ();
      |      ^~~
conftest.c:1:1: note: 'log' is declared in header '<math.h>'
    1 | /* confdefs.h */
/usr/bin/ld: /tmp/ccnwYszI.o: in function `main':
/home/preciselyv/nsu/bioInf/samtools-1.16.1/htslib-1.16/conftest.c:45: undefined reference to `log'
collect2: error: ld returned 1 exit status
configure:4836: $? = 1
configure: failed program was:
| /* confdefs.h */
| #define PACKAGE_NAME "HTSlib"
| #define PACKAGE_TARNAME "htslib"
| #define PACKAGE_VERSION "1.16"
| #define PACKAGE_STRING "HTSlib 1.16"
| #define PACKAGE_BUGREPORT "samtools-help@lists.sourceforge.net"
| #define PACKAGE_URL "http://www.htslib.org/"
| #define HAVE_SSSE3 1
| #define HAVE_POPCNT 1
| #define HAVE_SSE4_1 1
| #define UBSAN 1
| #define HAVE_AVX2 1
| #define HAVE_AVX512 1
| #define STDC_HEADERS 1
| #define HAVE_SYS_TYPES_H 1
| #define HAVE_SYS_STAT_H 1
| #define HAVE_STDLIB_H 1
| #define HAVE_STRING_H 1
| #define HAVE_MEMORY_H 1
| #define HAVE_STRINGS_H 1
| #define HAVE_INTTYPES_H 1
| #define HAVE_STDINT_H 1
| #define HAVE_UNISTD_H 1
| #define HAVE_STDLIB_H 1
| #define HAVE_UNISTD_H 1
| #define HAVE_SYS_PARAM_H 1
| #define HAVE_GETPAGESIZE 1
| #define HAVE_MMAP 1
| #define HAVE_GMTIME_R 1
| #define HAVE_FSYNC 1
| #define HAVE_DRAND48 1
| #define HAVE_FDATASYNC 1
| /* end confdefs.h.  */
| 
| /* Override any GCC internal prototype to avoid an error.
|    Use char because int might match the return type of a GCC
|    builtin and then its argument prototype would still apply.  */
| #ifdef __cplusplus
| extern "C"
| #endif
| char log ();
| int
| main ()
| {
| return log ();
|   ;
|   return 0;
| }
configure:4836: gcc -o conftest  -Wall -g -O2 -fvisibility=hidden   -fvisibility=hidden conftest.c -lm   >&5
conftest.c:41:6: warning: conflicting types for built-in function 'log'; expected 'double(double)' [-Wbuiltin-declaration-mismatch]
   41 | char log ();
      |      ^~~
conftest.c:1:1: note: 'log' is declared in header '<math.h>'
    1 | /* confdefs.h */
configure:4836: $? = 0
configure:4853: result: -lm
configure:4873: checking for zlib.h
configure:4873: gcc -c  -Wall -g -O2 -fvisibility=hidden  conftest.c >&5
configure:4873: $? = 0
configure:4873: result: yes
configure:4882: checking for inflate in -lz
configure:4907: gcc -o conftest  -Wall -g -O2 -fvisibility=hidden   -fvisibility=hidden conftest.c -lz  -lm  >&5
configure:4907: $? = 0
configure:4916: result: yes
configure:4947: checking for library containing recv
configure:4978: gcc -o conftest  -Wall -g -O2 -fvisibility=hidden   -fvisibility=hidden conftest.c -lz -lm  >&5
configure:4978: $? = 0
configure:4995: result: none required
configure:5041: checking for bzlib.h
configure:5041: gcc -c  -Wall -g -O2 -fvisibility=hidden  conftest.c >&5
configure:5041: $? = 0
configure:5041: result: yes
configure:5050: checking for BZ2_bzBuffToBuffCompress in -lbz2
configure:5075: gcc -o conftest  -Wall -g -O2 -fvisibility=hidden   -fvisibility=hidden conftest.c -lbz2  -lz -lm  >&5
configure:5075: $? = 0
configure:5084: result: yes
configure:5128: checking for lzma.h
configure:5128: gcc -c  -Wall -g -O2 -fvisibility=hidden  conftest.c >&5
configure:5128: $? = 0
configure:5128: result: yes
configure:5141: checking for lzma_easy_buffer_encode in -llzma
configure:5166: gcc -o conftest  -Wall -g -O2 -fvisibility=hidden   -fvisibility=hidden conftest.c -llzma  -lbz2 -lz -lm  >&5
configure:5166: $? = 0
configure:5175: result: yes
configure:5288: checking whether htscodecs files are present
configure:5291: result: yes
configure:5329: checking for libdeflate.h
configure:5329: gcc -c  -Wall -g -O2 -fvisibility=hidden  conftest.c >&5
conftest.c:40:10: fatal error: libdeflate.h: No such file or directory
   40 | #include <libdeflate.h>
      |          ^~~~~~~~~~~~~~
compilation terminated.
configure:5329: $? = 1
configure: failed program was:
| /* confdefs.h */
| #define PACKAGE_NAME "HTSlib"
| #define PACKAGE_TARNAME "htslib"
| #define PACKAGE_VERSION "1.16"
| #define PACKAGE_STRING "HTSlib 1.16"
| #define PACKAGE_BUGREPORT "samtools-help@lists.sourceforge.net"
| #define PACKAGE_URL "http://www.htslib.org/"
| #define HAVE_SSSE3 1
| #define HAVE_POPCNT 1
| #define HAVE_SSE4_1 1
| #define UBSAN 1
| #define HAVE_AVX2 1
| #define HAVE_AVX512 1
| #define STDC_HEADERS 1
| #define HAVE_SYS_TYPES_H 1
| #define HAVE_SYS_STAT_H 1
| #define HAVE_STDLIB_H 1
| #define HAVE_STRING_H 1
| #define HAVE_MEMORY_H 1
| #define HAVE_STRINGS_H 1
| #define HAVE_INTTYPES_H 1
| #define HAVE_STDINT_H 1
| #define HAVE_UNISTD_H 1
| #define HAVE_STDLIB_H 1
| #define HAVE_UNISTD_H 1
| #define HAVE_SYS_PARAM_H 1
| #define HAVE_GETPAGESIZE 1
| #define HAVE_MMAP 1
| #define HAVE_GMTIME_R 1
| #define HAVE_FSYNC 1
| #define HAVE_DRAND48 1
| #define HAVE_FDATASYNC 1
| #define HAVE_LIBZ 1
| #define HAVE_LIBBZ2 1
| #define HAVE_LZMA_H 1
| #define HAVE_LIBLZMA 1
| /* end confdefs.h.  */
| ;
| 
| #include <libdeflate.h>
configure:5329: result: no
configure:5338: checking for libdeflate_deflate_compress in -ldeflate
configure:5363: gcc -o conftest  -Wall -g -O2 -fvisibility=hidden   -fvisibility=hidden conftest.c -ldeflate  -llzma -lbz2 -lz -lm  >&5
/usr/bin/ld: cannot find -ldeflate
collect2: error: ld returned 1 exit status
configure:5363: $? = 1
configure: failed program was:
| /* confdefs.h */
| #define PACKAGE_NAME "HTSlib"
| #define PACKAGE_TARNAME "htslib"
| #define PACKAGE_VERSION "1.16"
| #define PACKAGE_STRING "HTSlib 1.16"
| #define PACKAGE_BUGREPORT "samtools-help@lists.sourceforge.net"
| #define PACKAGE_URL "http://www.htslib.org/"
| #define HAVE_SSSE3 1
| #define HAVE_POPCNT 1
| #define HAVE_SSE4_1 1
| #define UBSAN 1
| #define HAVE_AVX2 1
| #define HAVE_AVX512 1
| #define STDC_HEADERS 1
| #define HAVE_SYS_TYPES_H 1
| #define HAVE_SYS_STAT_H 1
| #define HAVE_STDLIB_H 1
| #define HAVE_STRING_H 1
| #define HAVE_MEMORY_H 1
| #define HAVE_STRINGS_H 1
| #define HAVE_INTTYPES_H 1
| #define HAVE_STDINT_H 1
| #define HAVE_UNISTD_H 1
| #define HAVE_STDLIB_H 1
| #define HAVE_UNISTD_H 1
| #define HAVE_SYS_PARAM_H 1
| #define HAVE_GETPAGESIZE 1
| #define HAVE_MMAP 1
| #define HAVE_GMTIME_R 1
| #define HAVE_FSYNC 1
| #define HAVE_DRAND48 1
| #define HAVE_FDATASYNC 1
| #define HAVE_LIBZ 1
| #define HAVE_LIBBZ2 1
| #define HAVE_LZMA_H 1
| #define HAVE_LIBLZMA 1
| /* end confdefs.h.  */
| 
| /* Override any GCC internal prototype to avoid an error.
|    Use char because int might match the return type of a GCC
|    builtin and then its argument prototype would still apply.  */
| #ifdef __cplusplus
| extern "C"
| #endif
| char libdeflate_deflate_compress ();
| int
| main ()
| {
| return libdeflate_deflate_compress ();
|   ;
|   return 0;
| }
configure:5372: result: no
configure:5411: checking for curl/curl.h
configure:5411: gcc -c  -Wall -g -O2 -fvisibility=hidden  conftest.c >&5
configure:5411: $? = 0
configure:5411: result: yes
configure:5420: checking for curl_easy_pause in -lcurl
configure:5445: gcc -o conftest  -Wall -g -O2 -fvisibility=hidden   -fvisibility=hidden conftest.c -lcurl  -llzma -lbz2 -lz -lm  >&5
configure:5445: $? = 0
configure:5454: result: yes
configure:5589: checking for CCHmac
configure:5589: gcc -o conftest  -Wall -g -O2 -fvisibility=hidden   -fvisibility=hidden conftest.c -llzma -lbz2 -lz -lm  >&5
/usr/bin/ld: /tmp/ccg4wJoT.o: in function `main':
/home/preciselyv/nsu/bioInf/samtools-1.16.1/htslib-1.16/conftest.c:74: undefined reference to `CCHmac'
collect2: error: ld returned 1 exit status
configure:5589: $? = 1
configure: failed program was:
| /* confdefs.h */
| #define PACKAGE_NAME "HTSlib"
| #define PACKAGE_TARNAME "htslib"
| #define PACKAGE_VERSION "1.16"
| #define PACKAGE_STRING "HTSlib 1.16"
| #define PACKAGE_BUGREPORT "samtools-help@lists.sourceforge.net"
| #define PACKAGE_URL "http://www.htslib.org/"
| #define HAVE_SSSE3 1
| #define HAVE_POPCNT 1
| #define HAVE_SSE4_1 1
| #define UBSAN 1
| #define HAVE_AVX2 1
| #define HAVE_AVX512 1
| #define STDC_HEADERS 1
| #define HAVE_SYS_TYPES_H 1
| #define HAVE_SYS_STAT_H 1
| #define HAVE_STDLIB_H 1
| #define HAVE_STRING_H 1
| #define HAVE_MEMORY_H 1
| #define HAVE_STRINGS_H 1
| #define HAVE_INTTYPES_H 1
| #define HAVE_STDINT_H 1
| #define HAVE_UNISTD_H 1
| #define HAVE_STDLIB_H 1
| #define HAVE_UNISTD_H 1
| #define HAVE_SYS_PARAM_H 1
| #define HAVE_GETPAGESIZE 1
| #define HAVE_MMAP 1
| #define HAVE_GMTIME_R 1
| #define HAVE_FSYNC 1
| #define HAVE_DRAND48 1
| #define HAVE_FDATASYNC 1
| #define HAVE_LIBZ 1
| #define HAVE_LIBBZ2 1
| #define HAVE_LZMA_H 1
| #define HAVE_LIBLZMA 1
| #define HAVE_LIBCURL 1
| #define ENABLE_GCS 1
| /* end confdefs.h.  */
| /* Define CCHmac to an innocuous variant, in case <limits.h> declares CCHmac.
|    For example, HP-UX 11i <limits.h> declares gettimeofday.  */
| #define CCHmac innocuous_CCHmac
| 
| /* System header to define __stub macros and hopefully few prototypes,
|     which can conflict with char CCHmac (); below.
|     Prefer <limits.h> to <assert.h> if __STDC__ is defined, since
|     <limits.h> exists even on freestanding compilers.  */
| 
| #ifdef __STDC__
| # include <limits.h>
| #else
| # include <assert.h>
| #endif
| 
| #undef CCHmac
| 
| /* Override any GCC internal prototype to avoid an error.
|    Use char because int might match the return type of a GCC
|    builtin and then its argument prototype would still apply.  */
| #ifdef __cplusplus
| extern "C"
| #endif
| char CCHmac ();
| /* The GNU C library defines this for functions which it implements
|     to always fail with ENOSYS.  Some functions are actually named
|     something starting with __ and the normal name is an alias.  */
| #if defined __stub_CCHmac || defined __stub___CCHmac
| choke me
| #endif
| 
| int
| main ()
| {
| return CCHmac ();
|   ;
|   return 0;
| }
configure:5589: result: no
configure:5596: checking for library containing HMAC
configure:5627: gcc -o conftest  -Wall -g -O2 -fvisibility=hidden   -fvisibility=hidden conftest.c -llzma -lbz2 -lz -lm  >&5
/usr/bin/ld: /tmp/ccXYQzlZ.o: in function `main':
/home/preciselyv/nsu/bioInf/samtools-1.16.1/htslib-1.16/conftest.c:51: undefined reference to `HMAC'
collect2: error: ld returned 1 exit status
configure:5627: $? = 1
configure: failed program was:
| /* confdefs.h */
| #define PACKAGE_NAME "HTSlib"
| #define PACKAGE_TARNAME "htslib"
| #define PACKAGE_VERSION "1.16"
| #define PACKAGE_STRING "HTSlib 1.16"
| #define PACKAGE_BUGREPORT "samtools-help@lists.sourceforge.net"
| #define PACKAGE_URL "http://www.htslib.org/"
| #define HAVE_SSSE3 1
| #define HAVE_POPCNT 1
| #define HAVE_SSE4_1 1
| #define UBSAN 1
| #define HAVE_AVX2 1
| #define HAVE_AVX512 1
| #define STDC_HEADERS 1
| #define HAVE_SYS_TYPES_H 1
| #define HAVE_SYS_STAT_H 1
| #define HAVE_STDLIB_H 1
| #define HAVE_STRING_H 1
| #define HAVE_MEMORY_H 1
| #define HAVE_STRINGS_H 1
| #define HAVE_INTTYPES_H 1
| #define HAVE_STDINT_H 1
| #define HAVE_UNISTD_H 1
| #define HAVE_STDLIB_H 1
| #define HAVE_UNISTD_H 1
| #define HAVE_SYS_PARAM_H 1
| #define HAVE_GETPAGESIZE 1
| #define HAVE_MMAP 1
| #define HAVE_GMTIME_R 1
| #define HAVE_FSYNC 1
| #define HAVE_DRAND48 1
| #define HAVE_FDATASYNC 1
| #define HAVE_LIBZ 1
| #define HAVE_LIBBZ2 1
| #define HAVE_LZMA_H 1
| #define HAVE_LIBLZMA 1
| #define HAVE_LIBCURL 1
| #define ENABLE_GCS 1
| /* end confdefs.h.  */
| 
| /* Override any GCC internal prototype to avoid an error.
|    Use char because int might match the return type of a GCC
|    builtin and then its argument prototype would still apply.  */
| #ifdef __cplusplus
| extern "C"
| #endif
| char HMAC ();
| int
| main ()
| {
| return HMAC ();
|   ;
|   return 0;
| }
configure:5627: gcc -o conftest  -Wall -g -O2 -fvisibility=hidden   -fvisibility=hidden conftest.c -lcrypto  -llzma -lbz2 -lz -lm  >&5
configure:5627: $? = 0
configure:5644: result: -lcrypto
configure:5686: checking for library containing regcomp
configure:5717: gcc -o conftest  -Wall -g -O2 -fvisibility=hidden   -fvisibility=hidden conftest.c -llzma -lbz2 -lz -lm  >&5
configure:5717: $? = 0
configure:5734: result: none required
configure:5743: checking whether PTHREAD_MUTEX_RECURSIVE is declared
configure:5743: gcc -c  -Wall -g -O2 -fvisibility=hidden  conftest.c >&5
configure:5743: $? = 0
configure:5743: result: yes
configure:5901: creating ./config.status

## ---------------------- ##
## Running config.status. ##
## ---------------------- ##

This file was extended by HTSlib config.status 1.16, which was
generated by GNU Autoconf 2.69.  Invocation command line was

  CONFIG_FILES    = 
  CONFIG_HEADERS  = 
  CONFIG_LINKS    = 
  CONFIG_COMMANDS = 
  $ ./config.status 

on preciselyv-ZenBook

config.status:857: creating config.mk
config.status:857: creating htslib.pc.tmp
config.status:857: creating config.h
config.status:1053: linking htscodecs_bundled.mk to htscodecs.mk

## ---------------- ##
## Cache variables. ##
## ---------------- ##

ac_cv_c_compiler_gnu=yes
ac_cv_env_CC_set=
ac_cv_env_CC_value=
ac_cv_env_CFLAGS_set=
ac_cv_env_CFLAGS_value=
ac_cv_env_CPPFLAGS_set=
ac_cv_env_CPPFLAGS_value=
ac_cv_env_CPP_set=
ac_cv_env_CPP_value=
ac_cv_env_LDFLAGS_set=
ac_cv_env_LDFLAGS_value=
ac_cv_env_LIBS_set=
ac_cv_env_LIBS_value=
ac_cv_env_PKG_CONFIG_LIBDIR_set=
ac_cv_env_PKG_CONFIG_LIBDIR_value=
ac_cv_env_PKG_CONFIG_PATH_set=
ac_cv_env_PKG_CONFIG_PATH_value=
ac_cv_env_PKG_CONFIG_set=
ac_cv_env_PKG_CONFIG_value=
ac_cv_env_build_alias_set=
ac_cv_env_build_alias_value=
ac_cv_env_host_alias_set=
ac_cv_env_host_alias_value=
ac_cv_env_target_alias_set=
ac_cv_env_target_alias_value=
ac_cv_func_CCHmac=no
ac_cv_func_drand48=yes
ac_cv_func_fdatasync=yes
ac_cv_func_fsync=yes
ac_cv_func_getpagesize=yes
ac_cv_func_gmtime_r=yes
ac_cv_func_mmap_fixed_mapped=yes
ac_cv_func_srand48_deterministic=no
ac_cv_have_decl_PTHREAD_MUTEX_RECURSIVE=yes
ac_cv_have_decl_fdatasync_int_=yes
ac_cv_header_bzlib_h=yes
ac_cv_header_curl_curl_h=yes
ac_cv_header_inttypes_h=yes
ac_cv_header_libdeflate_h=no
ac_cv_header_lzma_h=yes
ac_cv_header_memory_h=yes
ac_cv_header_stdc=yes
ac_cv_header_stdint_h=yes
ac_cv_header_stdlib_h=yes
ac_cv_header_string_h=yes
ac_cv_header_strings_h=yes
ac_cv_header_sys_param_h=yes
ac_cv_header_sys_stat_h=yes
ac_cv_header_sys_types_h=yes
ac_cv_header_unistd_h=yes
ac_cv_header_zlib_h=yes
ac_cv_lib_bz2_BZ2_bzBuffToBuffCompress=yes
ac_cv_lib_curl_curl_easy_pause=yes
ac_cv_lib_deflate_libdeflate_deflate_compress=no
ac_cv_lib_lzma_lzma_easy_buffer_encode=yes
ac_cv_lib_z_inflate=yes
ac_cv_objext=o
ac_cv_path_EGREP='/usr/bin/grep -E'
ac_cv_path_GREP=/usr/bin/grep
ac_cv_path_ac_pt_PKG_CONFIG=/usr/bin/pkg-config
ac_cv_prog_CPP='gcc -E'
ac_cv_prog_ac_ct_CC=gcc
ac_cv_prog_ac_ct_RANLIB=ranlib
ac_cv_prog_cc_c89=
ac_cv_prog_cc_g=yes
ac_cv_search_HMAC=-lcrypto
ac_cv_search_log=-lm
ac_cv_search_recv='none required'
ac_cv_search_regcomp='none required'
ac_cv_sys_file_offset_bits=no
ac_cv_sys_largefile_CC=no
ax_cv_check_cflags___mavx2=yes
ax_cv_check_cflags___mavx512f=yes
ax_cv_check_cflags___mssse3__mpopcnt__msse4_1=yes
hts_cv_check__fvisibility_hidden=yes
hts_cv_have_neon=no
hts_cv_prog_cc_warnings=-Wall

## ----------------- ##
## Output variables. ##
## ----------------- ##

CC='gcc'
CFLAGS=' -Wall -g -O2 -fvisibility=hidden'
CPP='gcc -E'
CPPFLAGS=''
CRYPTO_LIBS='-lcrypto'
DEFS='-DHAVE_CONFIG_H'
ECHO_C=''
ECHO_N='-n'
ECHO_T=''
EGREP='/usr/bin/grep -E'
EXEEXT=''
GREP='/usr/bin/grep'
HTSDIRslash_if_relsrcdir='$(HTSDIR)/'
LDFLAGS=' -fvisibility=hidden'
LIBOBJS=''
LIBS='-llzma -lbz2 -lz -lm '
LTLIBOBJS=''
OBJEXT='o'
PACKAGE_BUGREPORT='samtools-help@lists.sourceforge.net'
PACKAGE_NAME='HTSlib'
PACKAGE_STRING='HTSlib 1.16'
PACKAGE_TARNAME='htslib'
PACKAGE_URL='http://www.htslib.org/'
PACKAGE_VERSION='1.16'
PATH_SEPARATOR=':'
PKG_CONFIG='/usr/bin/pkg-config'
PKG_CONFIG_LIBDIR=''
PKG_CONFIG_PATH=''
PLATFORM='default'
PLUGIN_EXT='.so'
RANLIB='ranlib'
SHELL='/bin/bash'
ac_ct_CC='gcc'
bindir='${exec_prefix}/bin'
build_alias=''
datadir='${datarootdir}'
datarootdir='${prefix}/share'
docdir='${datarootdir}/doc/${PACKAGE_TARNAME}'
dvidir='${docdir}'
enable_plugins='no'
exec_prefix='${prefix}'
gcs='enabled'
host_alias=''
htmldir='${docdir}'
hts_cflags_avx2='-mavx2'
hts_cflags_avx512='-mavx512f'
hts_cflags_sse4='-mssse3 -mpopcnt -msse4.1'
hts_have_neon=''
includedir='${prefix}/include'
infodir='${datarootdir}/info'
libcurl='enabled'
libdir='${exec_prefix}/lib'
libexecdir='${exec_prefix}/libexec'
localedir='${datarootdir}/locale'
localstatedir='${prefix}/var'
mandir='${datarootdir}/man'
oldincludedir='/usr/include'
pc_requires=' liblzma'
pdfdir='${docdir}'
plugindir='$(libexecdir)/htslib'
pluginpath='$(libexecdir)/htslib'
prefix='/home/preciselyv/nsu/bioInf/samtools-1.16.1/bin'
private_LIBS=' -lbz2'
program_transform_name='s,x,x,'
psdir='${docdir}'
runstatedir='${localstatedir}/run'
s3='enabled'
sbindir='${exec_prefix}/sbin'
sharedstatedir='${prefix}/com'
static_LDFLAGS=''
static_LIBS='-lpthread -lz -lm -lbz2 -llzma -lcurl -lcrypto'
sysconfdir='${prefix}/etc'
target_alias=''
with_external_htscodecs='no'

## ----------- ##
## confdefs.h. ##
## ----------- ##

/* confdefs.h */
#define PACKAGE_NAME "HTSlib"
#define PACKAGE_TARNAME "htslib"
#define PACKAGE_VERSION "1.16"
#define PACKAGE_STRING "HTSlib 1.16"
#define PACKAGE_BUGREPORT "samtools-help@lists.sourceforge.net"
#define PACKAGE_URL "http://www.htslib.org/"
#define HAVE_SSSE3 1
#define HAVE_POPCNT 1
#define HAVE_SSE4_1 1
#define UBSAN 1
#define HAVE_AVX2 1
#define HAVE_AVX512 1
#define STDC_HEADERS 1
#define HAVE_SYS_TYPES_H 1
#define HAVE_SYS_STAT_H 1
#define HAVE_STDLIB_H 1
#define HAVE_STRING_H 1
#define HAVE_MEMORY_H 1
#define HAVE_STRINGS_H 1
#define HAVE_INTTYPES_H 1
#define HAVE_STDINT_H 1
#define HAVE_UNISTD_H 1
#define HAVE_STDLIB_H 1
#define HAVE_UNISTD_H 1
#define HAVE_SYS_PARAM_H 1
#define HAVE_GETPAGESIZE 1
#define HAVE_MMAP 1
#define HAVE_GMTIME_R 1
#define HAVE_FSYNC 1
#define HAVE_DRAND48 1
#define HAVE_FDATASYNC 1
#define HAVE_LIBZ 1
#define HAVE_LIBBZ2 1
#define HAVE_LZMA_H 1
#define HAVE_LIBLZMA 1
#define HAVE_LIBCURL 1
#define ENABLE_GCS 1
#define HAVE_HMAC 1
#define ENABLE_S3 1

configure: exit 0
